app/build/outputs/logs/manifest-merger-debug-report.txt
-- Merging decision tree log ---
manifest
ADDED from src/main/AndroidManifest.xml:2:1-252:12
	package
		ADDED from src/main/AndroidManifest.xml:3:5-30
		INJECTED from src/main/AndroidManifest.xml
		INJECTED from src/main/AndroidManifest.xml
	android:versionName
		ADDED from src/main/AndroidManifest.xml:5:5-30
		INJECTED from src/main/AndroidManifest.xml
		INJECTED from src/main/AndroidManifest.xml
	android:versionCode
		ADDED from src/main/AndroidManifest.xml:4:5-28
		INJECTED from src/main/AndroidManifest.xml
		INJECTED from src/main/AndroidManifest.xml
	xmlns:android
		ADDED from src/main/AndroidManifest.xml:2:11-69
uses-sdk
ADDED from src/main/AndroidManifest.xml:7:5-9:41
	android:targetSdkVersion
		ADDED from src/main/AndroidManifest.xml:9:9-38
		INJECTED from src/main/AndroidManifest.xml
		INJECTED from src/main/AndroidManifest.xml
	android:minSdkVersion
		ADDED from src/main/AndroidManifest.xml:8:9-34
		INJECTED from src/main/AndroidManifest.xml
		INJECTED from src/main/AndroidManifest.xml
uses-permission#android.permission.INTERNET
ADDED from src/main/AndroidManifest.xml:12:5-67
	android:name
		ADDED from src/main/AndroidManifest.xml:12:22-64
uses-permission#android.permission.ACCESS_NETWORK_STATE
ADDED from src/main/AndroidManifest.xml:14:5-79
	android:name
		ADDED from src/main/AndroidManifest.xml:14:22-76
uses-permission#android.permission.ACCESS_WIFI_STATE
ADDED from src/main/AndroidManifest.xml:16:5-76
	android:name
		ADDED from src/main/AndroidManifest.xml:16:22-73
uses-permission#android.permission.RECORD_AUDIO
ADDED from src/main/AndroidManifest.xml:18:5-71
	android:name
		ADDED from src/main/AndroidManifest.xml:18:22-68
uses-permission#android.permission.WRITE_EXTERNAL_STORAGE
ADDED from src/main/AndroidManifest.xml:20:5-81
	android:name
		ADDED from src/main/AndroidManifest.xml:20:22-78
uses-permission#android.permission.RECEIVE_BOOT_COMPLETED
ADDED from src/main/AndroidManifest.xml:24:5-81
	android:name
		ADDED from src/main/AndroidManifest.xml:24:22-78
uses-permission#android.permission.READ_PHONE_STATE
ADDED from src/main/AndroidManifest.xml:26:5-75
	android:name
		ADDED from src/main/AndroidManifest.xml:26:22-72
uses-permission#android.permission.CHANGE_WIFI_STATE
ADDED from src/main/AndroidManifest.xml:27:5-76
	android:name
		ADDED from src/main/AndroidManifest.xml:27:22-73
uses-permission#android.permission.WAKE_LOCK
ADDED from src/main/AndroidManifest.xml:28:5-68
	android:name
		ADDED from src/main/AndroidManifest.xml:28:22-65
uses-permission#android.permission.VIBRATE
ADDED from src/main/AndroidManifest.xml:29:5-66
	android:name
		ADDED from src/main/AndroidManifest.xml:29:22-63
uses-permission#android.permission.WRITE_SETTINGS
ADDED from src/main/AndroidManifest.xml:30:5-73
	android:name
		ADDED from src/main/AndroidManifest.xml:30:22-70
uses-permission#android.permission.GET_TASKS
ADDED from src/main/AndroidManifest.xml:32:5-68
	android:name
		ADDED from src/main/AndroidManifest.xml:32:22-65
uses-permission#android.permission.MODIFY_AUDIO_SETTINGS
ADDED from src/main/AndroidManifest.xml:33:5-80
	android:name
		ADDED from src/main/AndroidManifest.xml:33:22-77
application
ADDED from src/main/AndroidManifest.xml:35:5-250:19
	android:label
		ADDED from src/main/AndroidManifest.xml:38:9-41
	android:allowBackup
		ADDED from src/main/AndroidManifest.xml:36:9-35
	android:icon
		ADDED from src/main/AndroidManifest.xml:37:9-45
	android:theme
		ADDED from src/main/AndroidManifest.xml:39:9-40
activity#com.ithink.demo.UserLoginActivity
ADDED from src/main/AndroidManifest.xml:40:9-49:20
	android:screenOrientation
		ADDED from src/main/AndroidManifest.xml:43:13-49
	android:label
		ADDED from src/main/AndroidManifest.xml:42:13-45
	android:name
		ADDED from src/main/AndroidManifest.xml:41:13-61
intent-filter#android.intent.action.MAIN+android.intent.category.LAUNCHER
ADDED from src/main/AndroidManifest.xml:44:13-48:29
action#android.intent.action.MAIN
ADDED from src/main/AndroidManifest.xml:45:17-69
	android:name
		ADDED from src/main/AndroidManifest.xml:45:25-66
category#android.intent.category.LAUNCHER
ADDED from src/main/AndroidManifest.xml:47:17-77
	android:name
		ADDED from src/main/AndroidManifest.xml:47:27-74
activity#com.ithink.demo.MainActivity
ADDED from src/main/AndroidManifest.xml:50:9-51:20
	android:name
		ADDED from src/main/AndroidManifest.xml:50:19-62
activity#com.ithink.demo.DeviceListActivity
ADDED from src/main/AndroidManifest.xml:52:9-55:20
	android:screenOrientation
		ADDED from src/main/AndroidManifest.xml:54:13-49
	android:name
		ADDED from src/main/AndroidManifest.xml:53:13-62
activity#com.ithink.demo.BindSWActivity
ADDED from src/main/AndroidManifest.xml:56:9-59:20
	android:screenOrientation
		ADDED from src/main/AndroidManifest.xml:58:13-49
	android:name
		ADDED from src/main/AndroidManifest.xml:57:13-58
activity#com.ithink.demo.BindQRActivity
ADDED from src/main/AndroidManifest.xml:60:9-63:20
	android:screenOrientation
		ADDED from src/main/AndroidManifest.xml:62:13-49
	android:name
		ADDED from src/main/AndroidManifest.xml:61:13-58
activity#com.ithink.camera.MediaActivity
ADDED from src/main/AndroidManifest.xml:65:9-69:20
	android:screenOrientation
		ADDED from src/main/AndroidManifest.xml:68:13-49
	android:configChanges
		ADDED from src/main/AndroidManifest.xml:67:13-81
	android:name
		ADDED from src/main/AndroidManifest.xml:66:13-59
activity#com.ithink.camera.ControlActivity
ADDED from src/main/AndroidManifest.xml:70:9-74:20
	android:screenOrientation
		ADDED from src/main/AndroidManifest.xml:73:13-49
	android:configChanges
		ADDED from src/main/AndroidManifest.xml:72:13-81
	android:name
		ADDED from src/main/AndroidManifest.xml:71:13-61
activity#com.ithink.camera.PlayBackVideoActivity
ADDED from src/main/AndroidManifest.xml:75:9-79:20
	android:screenOrientation
		ADDED from src/main/AndroidManifest.xml:78:13-49
	android:configChanges
		ADDED from src/main/AndroidManifest.xml:77:13-81
	android:name
		ADDED from src/main/AndroidManifest.xml:76:13-67
activity#com.ithink.demo.DeviceInfoActivity
ADDED from src/main/AndroidManifest.xml:81:9-85:20
	android:screenOrientation
		ADDED from src/main/AndroidManifest.xml:84:13-49
	android:label
		ADDED from src/main/AndroidManifest.xml:83:13-63
	android:name
		ADDED from src/main/AndroidManifest.xml:82:13-62
activity#com.ithink.demo.AlarmSettingsActivity
ADDED from src/main/AndroidManifest.xml:86:9-90:20
	android:screenOrientation
		ADDED from src/main/AndroidManifest.xml:89:13-49
	android:label
		ADDED from src/main/AndroidManifest.xml:88:13-66
	android:name
		ADDED from src/main/AndroidManifest.xml:87:13-65
activity#com.ithink.demo.VideoSettingsActivity
ADDED from src/main/AndroidManifest.xml:91:9-95:20
	android:screenOrientation
		ADDED from src/main/AndroidManifest.xml:94:13-49
	android:label
		ADDED from src/main/AndroidManifest.xml:93:13-66
	android:name
		ADDED from src/main/AndroidManifest.xml:92:13-65
activity#com.ithink.demo.SubAccountActivity
ADDED from src/main/AndroidManifest.xml:96:9-100:20
	android:screenOrientation
		ADDED from src/main/AndroidManifest.xml:99:13-49
	android:label
		ADDED from src/main/AndroidManifest.xml:98:13-63
	android:name
		ADDED from src/main/AndroidManifest.xml:97:13-62
activity#com.ithink.demo.WordModeActivity
ADDED from src/main/AndroidManifest.xml:101:9-105:20
	android:screenOrientation
		ADDED from src/main/AndroidManifest.xml:104:13-49
	android:label
		ADDED from src/main/AndroidManifest.xml:103:13-61
	android:name
		ADDED from src/main/AndroidManifest.xml:102:13-60
activity#com.ithink.demo.PlayBackListActivity
ADDED from src/main/AndroidManifest.xml:106:9-110:20
	android:screenOrientation
		ADDED from src/main/AndroidManifest.xml:109:13-49
	android:label
		ADDED from src/main/AndroidManifest.xml:108:13-61
	android:name
		ADDED from src/main/AndroidManifest.xml:107:13-64
activity#com.ithink.demo.AlarmMessageActivity
ADDED from src/main/AndroidManifest.xml:111:9-115:20
	android:screenOrientation
		ADDED from src/main/AndroidManifest.xml:114:13-49
	android:label
		ADDED from src/main/AndroidManifest.xml:113:13-65
	android:name
		ADDED from src/main/AndroidManifest.xml:112:13-64
receiver#com.umeng.message.NotificationProxyBroadcastReceiver
ADDED from src/main/AndroidManifest.xml:118:9-121:20
	android:exported
		ADDED from src/main/AndroidManifest.xml:120:13-37
	android:name
		ADDED from src/main/AndroidManifest.xml:119:13-80
receiver#com.umeng.message.SystemReceiver
ADDED from src/main/AndroidManifest.xml:124:9-138:20
	android:process
		ADDED from src/main/AndroidManifest.xml:126:13-36
	android:name
		ADDED from src/main/AndroidManifest.xml:125:13-60
intent-filter#android.intent.action.BOOT_COMPLETED
ADDED from src/main/AndroidManifest.xml:127:13-129:29
action#android.intent.action.BOOT_COMPLETED
ADDED from src/main/AndroidManifest.xml:128:17-79
	android:name
		ADDED from src/main/AndroidManifest.xml:128:25-76
intent-filter#android.net.conn.CONNECTIVITY_CHANGE
ADDED from src/main/AndroidManifest.xml:130:13-132:29
action#android.net.conn.CONNECTIVITY_CHANGE
ADDED from src/main/AndroidManifest.xml:131:17-79
	android:name
		ADDED from src/main/AndroidManifest.xml:131:25-76
intent-filter#android.intent.action.PACKAGE_REMOVED
ADDED from src/main/AndroidManifest.xml:133:13-137:29
action#android.intent.action.PACKAGE_REMOVED
ADDED from src/main/AndroidManifest.xml:134:17-80
	android:name
		ADDED from src/main/AndroidManifest.xml:134:25-77
data
ADDED from src/main/AndroidManifest.xml:136:17-50
	android:scheme
		ADDED from src/main/AndroidManifest.xml:136:23-47
receiver#com.umeng.message.MessageReceiver
ADDED from src/main/AndroidManifest.xml:141:9-148:20
	android:process
		ADDED from src/main/AndroidManifest.xml:144:13-36
	android:exported
		ADDED from src/main/AndroidManifest.xml:143:13-37
	android:name
		ADDED from src/main/AndroidManifest.xml:142:13-61
intent-filter#org.agoo.android.intent.action.RECEIVE
ADDED from src/main/AndroidManifest.xml:145:13-147:29
action#org.agoo.android.intent.action.RECEIVE
ADDED from src/main/AndroidManifest.xml:146:17-81
	android:name
		ADDED from src/main/AndroidManifest.xml:146:25-78
receiver#com.umeng.message.ElectionReceiver
ADDED from src/main/AndroidManifest.xml:151:9-159:20
	android:process
		ADDED from src/main/AndroidManifest.xml:153:13-36
	android:name
		ADDED from src/main/AndroidManifest.xml:152:13-62
intent-filter#org.agoo.android.intent.action.ELECTION_RESULT_V4+umeng
ADDED from src/main/AndroidManifest.xml:154:13-158:29
action#org.agoo.android.intent.action.ELECTION_RESULT_V4
ADDED from src/main/AndroidManifest.xml:155:17-92
	android:name
		ADDED from src/main/AndroidManifest.xml:155:25-89
category#umeng
ADDED from src/main/AndroidManifest.xml:157:17-50
	android:name
		ADDED from src/main/AndroidManifest.xml:157:27-47
receiver#com.umeng.message.RegistrationReceiver
ADDED from src/main/AndroidManifest.xml:163:9-169:20
	android:exported
		ADDED from src/main/AndroidManifest.xml:165:13-37
	android:name
		ADDED from src/main/AndroidManifest.xml:164:13-66
intent-filter#com.ithink.demo.intent.action.COMMAND
ADDED from src/main/AndroidManifest.xml:166:13-168:29
action#com.ithink.demo.intent.action.COMMAND
ADDED from src/main/AndroidManifest.xml:167:17-80
	android:name
		ADDED from src/main/AndroidManifest.xml:167:25-77
receiver#com.umeng.message.UmengMessageBootReceiver
ADDED from src/main/AndroidManifest.xml:170:9-174:20
	android:name
		ADDED from src/main/AndroidManifest.xml:170:19-76
service#com.umeng.message.UmengService
ADDED from src/main/AndroidManifest.xml:176:9-192:19
	android:process
		ADDED from src/main/AndroidManifest.xml:180:13-36
	android:label
		ADDED from src/main/AndroidManifest.xml:179:13-40
	android:exported
		ADDED from src/main/AndroidManifest.xml:178:13-36
	android:name
		ADDED from src/main/AndroidManifest.xml:177:13-58
intent-filter#com.ithink.demo.intent.action.START
ADDED from src/main/AndroidManifest.xml:181:13-183:29
action#com.ithink.demo.intent.action.START
ADDED from src/main/AndroidManifest.xml:182:17-78
	android:name
		ADDED from src/main/AndroidManifest.xml:182:25-75
intent-filter#com.ithink.demo.intent.action.COCKROACH
ADDED from src/main/AndroidManifest.xml:184:13-186:29
action#com.ithink.demo.intent.action.COCKROACH
ADDED from src/main/AndroidManifest.xml:185:17-82
	android:name
		ADDED from src/main/AndroidManifest.xml:185:25-79
intent-filter#org.agoo.android.intent.action.PING_V4+umeng
ADDED from src/main/AndroidManifest.xml:187:13-191:29
action#org.agoo.android.intent.action.PING_V4
ADDED from src/main/AndroidManifest.xml:188:17-81
	android:name
		ADDED from src/main/AndroidManifest.xml:188:25-78
service#com.umeng.message.UmengIntentService
ADDED from src/main/AndroidManifest.xml:195:9-197:39
	android:process
		ADDED from src/main/AndroidManifest.xml:197:13-36
	android:name
		ADDED from src/main/AndroidManifest.xml:196:13-64
service#com.umeng.message.UmengMessageIntentReceiverService
ADDED from src/main/AndroidManifest.xml:200:9-210:19
	android:process
		ADDED from src/main/AndroidManifest.xml:203:13-36
	android:exported
		ADDED from src/main/AndroidManifest.xml:202:13-36
	android:name
		ADDED from src/main/AndroidManifest.xml:201:13-79
intent-filter#org.android.agoo.client.MessageReceiverService
ADDED from src/main/AndroidManifest.xml:204:13-206:29
action#org.android.agoo.client.MessageReceiverService
ADDED from src/main/AndroidManifest.xml:205:17-89
	android:name
		ADDED from src/main/AndroidManifest.xml:205:25-86
intent-filter#org.android.agoo.client.ElectionReceiverService
ADDED from src/main/AndroidManifest.xml:207:13-209:29
action#org.android.agoo.client.ElectionReceiverService
ADDED from src/main/AndroidManifest.xml:208:17-90
	android:name
		ADDED from src/main/AndroidManifest.xml:208:25-87
service#com.umeng.message.UmengMessageCallbackHandlerService
ADDED from src/main/AndroidManifest.xml:213:9-228:19
	android:exported
		ADDED from src/main/AndroidManifest.xml:215:13-37
	android:name
		ADDED from src/main/AndroidManifest.xml:214:13-80
intent-filter#com.umeng.messge.registercallback.action
ADDED from src/main/AndroidManifest.xml:216:13-218:29
action#com.umeng.messge.registercallback.action
ADDED from src/main/AndroidManifest.xml:217:17-83
	android:name
		ADDED from src/main/AndroidManifest.xml:217:25-80
intent-filter#com.umeng.message.unregistercallback.action
ADDED from src/main/AndroidManifest.xml:219:13-221:29
action#com.umeng.message.unregistercallback.action
ADDED from src/main/AndroidManifest.xml:220:17-86
	android:name
		ADDED from src/main/AndroidManifest.xml:220:25-83
intent-filter#com.umeng.message.message.handler.action
ADDED from src/main/AndroidManifest.xml:222:13-224:29
action#com.umeng.message.message.handler.action
ADDED from src/main/AndroidManifest.xml:223:17-83
	android:name
		ADDED from src/main/AndroidManifest.xml:223:25-80
intent-filter#com.umeng.message.autoupdate.handler.action
ADDED from src/main/AndroidManifest.xml:225:13-227:29
action#com.umeng.message.autoupdate.handler.action
ADDED from src/main/AndroidManifest.xml:226:17-86
	android:name
		ADDED from src/main/AndroidManifest.xml:226:25-83
service#com.umeng.message.UmengDownloadResourceService
ADDED from src/main/AndroidManifest.xml:231:9-82
	android:name
		ADDED from src/main/AndroidManifest.xml:231:18-79
meta-data#UMENG_APPKEY
ADDED from src/main/AndroidManifest.xml:233:9-236:21
	android:value
		ADDED from src/main/AndroidManifest.xml:235:13-53
	android:name
		ADDED from src/main/AndroidManifest.xml:234:13-40
meta-data#UMENG_MESSAGE_SECRET
ADDED from src/main/AndroidManifest.xml:237:9-240:21
	android:value
		ADDED from src/main/AndroidManifest.xml:239:13-61
	android:name
		ADDED from src/main/AndroidManifest.xml:238:13-48
meta-data#UMENG_CHANNEL
ADDED from src/main/AndroidManifest.xml:241:9-244:21
	android:value
		ADDED from src/main/AndroidManifest.xml:243:13-36
	android:name
		ADDED from src/main/AndroidManifest.xml:242:13-41
activity#com.ithink.demo.BindActivity
ADDED from src/main/AndroidManifest.xml:246:9-249:20
	android:label
		ADDED from src/main/AndroidManifest.xml:248:13-56
	android:name
		ADDED from src/main/AndroidManifest.xml:247:13-56